yarn run v1.22.10
$ craco start --verbose
craco:  Project root path resolved to:  /Users/segiddins/Development/Personal/box-scored
craco:  Config file path resolved to:  /Users/segiddins/Development/Personal/box-scored/craco.config.js
craco:  Override started with arguments:  [
  '/usr/local/Cellar/node/16.0.0_1/bin/node',
  '/Users/segiddins/Development/Personal/box-scored/node_modules/@craco/craco/scripts/start.js',
  '--verbose'
]
craco:  For environment:  development
craco:  Found craco config file at:  /Users/segiddins/Development/Personal/box-scored/craco.config.js
craco:  Applied craco config plugins.
craco:  Found Webpack dev config at:  /Users/segiddins/Development/Personal/box-scored/node_modules/react-scripts/config/webpack.config.js
craco:  Overrided ESLint config to enable an ignore file.
craco:  Added PostCSS plugins.
craco:  Overrided PostCSS loader.
craco:  Added PostCSS plugins.
craco:  Overrided PostCSS loader.
craco:  Added PostCSS plugins.
craco:  Overrided PostCSS loader.
craco:  Added PostCSS plugins.
craco:  Overrided PostCSS loader.
craco:  Applied webpack config plugins.
craco:  Overrided require cache for module: /Users/segiddins/Development/Personal/box-scored/node_modules/react-scripts/config/webpack.config.js
craco:  Overrided Webpack dev config.
craco:  Found dev server config at:  /Users/segiddins/Development/Personal/box-scored/node_modules/react-scripts/config/webpackDevServer.config.js
craco:  Overrided require cache for module: /Users/segiddins/Development/Personal/box-scored/node_modules/react-scripts/config/webpackDevServer.config.js
craco:  Overrided dev server config provider.
craco:  Starting CRA at:  /Users/segiddins/Development/Personal/box-scored/node_modules/react-scripts/scripts/start.js
craco:  Applied devServer config plugins.
craco:  Merged DevServer config.
[34mℹ[39m [90m｢wds｣[39m: Project is running at http://192.168.1.172/
[34mℹ[39m [90m｢wds｣[39m: webpack output is served from
[34mℹ[39m [90m｢wds｣[39m: Content not from webpack is served from /Users/segiddins/Development/Personal/box-scored/public
[34mℹ[39m [90m｢wds｣[39m: 404s will fallback to /
Starting the development server...

Failed to compile.

src/App.tsx
  Line 1:8:     'React' was used before it was defined                                                      no-use-before-define
  Line 1:19:    Strings must use singlequote                                                                quotes
  Line 1:26:    Extra semicolon                                                                             semi
  Line 2:36:    Strings must use singlequote                                                                quotes
  Line 2:50:    Extra semicolon                                                                             semi
  Line 3:22:    Strings must use singlequote                                                                quotes
  Line 3:38:    Extra semicolon                                                                             semi
  Line 4:24:    Strings must use singlequote                                                                quotes
  Line 4:36:    Extra semicolon                                                                             semi
  Line 5:27:    Strings must use singlequote                                                                quotes
  Line 5:40:    Extra semicolon                                                                             semi
  Line 6:61:    Strings must use singlequote                                                                quotes
  Line 6:74:    Extra semicolon                                                                             semi
  Line 7:55:    Strings must use singlequote                                                                quotes
  Line 7:68:    Extra semicolon                                                                             semi
  Line 20:24:   Missing space before function parentheses                                                   space-before-function-paren
  Line 23:5:    Strings must use singlequote                                                                quotes
  Line 24:15:   Strings must use singlequote                                                                quotes
  Line 24:22:   Missing trailing comma                                                                      comma-dangle
  Line 25:4:    Extra semicolon                                                                             semi
  Line 26:37:   Extra semicolon                                                                             semi
  Line 39:8:    Extra semicolon                                                                             semi
  Line 41:38:   Extra semicolon                                                                             semi
  Line 43:31:   Extra semicolon                                                                             semi
  Line 46:13:   Extra semicolon                                                                             semi
  Line 53:16:   'getPeople' is defined but never used                                                       no-unused-vars
  Line 53:25:   Missing space before function parentheses                                                   space-before-function-paren
  Line 56:5:    Strings must use singlequote                                                                quotes
  Line 57:15:   Strings must use singlequote                                                                quotes
  Line 57:22:   Missing trailing comma                                                                      comma-dangle
  Line 58:4:    Extra semicolon                                                                             semi
  Line 59:37:   Extra semicolon                                                                             semi
  Line 64:9:    Identifier 'key_person' is not in camel case                                                camelcase
  Line 65:9:    Identifier 'key_uuid' is not in camel case                                                  camelcase
  Line 66:9:    Identifier 'key_mlbam' is not in camel case                                                 camelcase
  Line 67:9:    Identifier 'key_retro' is not in camel case                                                 camelcase
  Line 68:9:    Identifier 'key_bbref' is not in camel case                                                 camelcase
  Line 69:9:    Identifier 'key_bbref_minors' is not in camel case                                          camelcase
  Line 70:9:    Identifier 'key_fangraphs' is not in camel case                                             camelcase
  Line 71:9:    Identifier 'key_npb' is not in camel case                                                   camelcase
  Line 72:9:    Identifier 'key_sr_nfl' is not in camel case                                                camelcase
  Line 73:9:    Identifier 'key_sr_nba' is not in camel case                                                camelcase
  Line 74:9:    Identifier 'key_sr_nhl' is not in camel case                                                camelcase
  Line 75:9:    Identifier 'key_findagrave' is not in camel case                                            camelcase
  Line 76:9:    Identifier 'name_last' is not in camel case                                                 camelcase
  Line 77:9:    Identifier 'name_first' is not in camel case                                                camelcase
  Line 78:9:    Identifier 'name_given' is not in camel case                                                camelcase
  Line 79:9:    Identifier 'name_suffix' is not in camel case                                               camelcase
  Line 80:9:    Identifier 'name_matrilineal' is not in camel case                                          camelcase
  Line 81:9:    Identifier 'name_nick' is not in camel case                                                 camelcase
  Line 82:9:    Identifier 'birth_year' is not in camel case                                                camelcase
  Line 83:9:    Identifier 'birth_month' is not in camel case                                               camelcase
  Line 84:9:    Identifier 'birth_day' is not in camel case                                                 camelcase
  Line 85:9:    Identifier 'death_year' is not in camel case                                                camelcase
  Line 86:9:    Identifier 'death_month' is not in camel case                                               camelcase
  Line 87:9:    Identifier 'death_day' is not in camel case                                                 camelcase
  Line 88:9:    Identifier 'pro_played_first' is not in camel case                                          camelcase
  Line 89:9:    Identifier 'pro_played_last' is not in camel case                                           camelcase
  Line 90:9:    Identifier 'mlb_played_first' is not in camel case                                          camelcase
  Line 91:9:    Identifier 'mlb_played_last' is not in camel case                                           camelcase
  Line 92:9:    Identifier 'col_played_first' is not in camel case                                          camelcase
  Line 93:9:    Identifier 'col_played_last' is not in camel case                                           camelcase
  Line 94:9:    Identifier 'pro_managed_first' is not in camel case                                         camelcase
  Line 95:9:    Identifier 'pro_managed_last' is not in camel case                                          camelcase
  Line 96:9:    Identifier 'mlb_managed_first' is not in camel case                                         camelcase
  Line 97:9:    Identifier 'mlb_managed_last' is not in camel case                                          camelcase
  Line 98:9:    Identifier 'col_managed_first' is not in camel case                                         camelcase
  Line 99:9:    Identifier 'col_managed_last' is not in camel case                                          camelcase
  Line 100:9:   Identifier 'pro_umpired_first' is not in camel case                                         camelcase
  Line 101:9:   Identifier 'pro_umpired_last' is not in camel case                                          camelcase
  Line 102:9:   Identifier 'mlb_umpired_first' is not in camel case                                         camelcase
  Line 103:9:   Identifier 'mlb_umpired_last' is not in camel case                                          camelcase
  Line 112:18:  Identifier 'name_first' is not in camel case                                                camelcase
  Line 112:32:  Identifier 'name_last' is not in camel case                                                 camelcase
  Line 113:9:   Missing trailing comma                                                                      comma-dangle
  Line 114:6:   Extra semicolon                                                                             semi
  Line 116:40:  Extra semicolon                                                                             semi
  Line 118:41:  Extra semicolon                                                                             semi
  Line 121:13:  Extra semicolon                                                                             semi
  Line 125:56:  Extra semicolon                                                                             semi
  Line 129:21:  Extra semicolon                                                                             semi
  Line 130:37:  Extra semicolon                                                                             semi
  Line 132:4:   Extra semicolon                                                                             semi
  Line 137:9:   Strings must use singlequote                                                                quotes
  Line 138:9:   Strings must use singlequote                                                                quotes
  Line 139:9:   Strings must use singlequote                                                                quotes
  Line 140:9:   Strings must use singlequote                                                                quotes
  Line 141:9:   Strings must use singlequote                                                                quotes
  Line 142:9:   Strings must use singlequote                                                                quotes
  Line 142:25:  Missing trailing comma                                                                      comma-dangle
  Line 152:4:   Extra semicolon                                                                             semi
  Line 153:2:   Extra semicolon                                                                             semi
  Line 159:37:  Strings must use singlequote                                                                quotes
  Line 172:36:  Strings must use singlequote                                                                quotes
  Line 175:15:  Strings must use singlequote                                                                quotes
  Line 175:41:  Strings must use singlequote                                                                quotes
  Line 176:15:  Strings must use singlequote                                                                quotes
  Line 176:41:  Strings must use singlequote                                                                quotes
  Line 182:35:  Strings must use singlequote                                                                quotes
  Line 183:15:  Strings must use singlequote                                                                quotes
  Line 183:41:  Strings must use singlequote                                                                quotes
  Line 184:15:  Strings must use singlequote                                                                quotes
  Line 184:41:  Strings must use singlequote                                                                quotes
  Line 192:4:   Extra semicolon                                                                             semi
  Line 193:2:   Extra semicolon                                                                             semi
  Line 201:10:  Strings must use singlequote                                                                quotes
  Line 202:39:  Extra semicolon                                                                             semi
  Line 205:12:  Strings must use singlequote                                                                quotes
  Line 209:8:   Extra semicolon                                                                             semi
  Line 211:10:  Strings must use singlequote                                                                quotes
  Line 216:8:   Extra semicolon                                                                             semi
  Line 217:10:  Strings must use singlequote                                                                quotes
  Line 218:10:  Strings must use singlequote                                                                quotes
  Line 219:42:  Extra semicolon                                                                             semi
  Line 224:8:   Extra semicolon                                                                             semi
  Line 226:10:  Strings must use singlequote                                                                quotes
  Line 227:42:  Extra semicolon                                                                             semi
  Line 233:16:  Strings must use singlequote                                                                quotes
  Line 238:8:   Extra semicolon                                                                             semi
  Line 241:10:  Strings must use singlequote                                                                quotes
  Line 242:53:  Extra semicolon                                                                             semi
  Line 253:16:  Strings must use singlequote                                                                quotes
  Line 258:8:   Extra semicolon                                                                             semi
  Line 260:10:  Strings must use singlequote                                                                quotes
  Line 270:8:   Extra semicolon                                                                             semi
  Line 271:10:  Strings must use singlequote                                                                quotes
  Line 272:10:  Strings must use singlequote                                                                quotes
  Line 273:10:  Strings must use singlequote                                                                quotes
  Line 274:10:  Strings must use singlequote                                                                quotes
  Line 275:10:  Strings must use singlequote                                                                quotes
  Line 276:10:  Strings must use singlequote                                                                quotes
  Line 277:10:  Strings must use singlequote                                                                quotes
  Line 278:10:  Strings must use singlequote                                                                quotes
  Line 279:10:  Strings must use singlequote                                                                quotes
  Line 280:10:  Strings must use singlequote                                                                quotes
  Line 281:10:  Strings must use singlequote                                                                quotes
  Line 282:10:  Strings must use singlequote                                                                quotes
  Line 283:10:  Strings must use singlequote                                                                quotes
  Line 284:30:  Extra semicolon                                                                             semi
  Line 285:10:  Strings must use singlequote                                                                quotes
  Line 286:10:  Strings must use singlequote                                                                quotes
  Line 287:10:  Strings must use singlequote                                                                quotes
  Line 288:37:  Extra semicolon                                                                             semi
  Line 294:13:  Missing "key" prop for element in array                                                     react/jsx-key
  Line 298:8:   Extra semicolon                                                                             semi
  Line 300:10:  Strings must use singlequote                                                                quotes
  Line 302:45:  Extra semicolon                                                                             semi
  Line 304:28:  Missing "key" prop for element in array                                                     react/jsx-key
  Line 304:51:  Strings must use singlequote                                                                quotes
  Line 305:24:  Extra semicolon                                                                             semi
  Line 306:54:  Extra semicolon                                                                             semi
  Line 312:10:  Extra semicolon                                                                             semi
  Line 315:31:  Extra semicolon                                                                             semi
  Line 317:10:  Strings must use singlequote                                                                quotes
  Line 318:31:  Extra semicolon                                                                             semi
  Line 319:10:  Strings must use singlequote                                                                quotes
  Line 320:44:  Extra semicolon                                                                             semi
  Line 321:10:  Strings must use singlequote                                                                quotes
  Line 324:12:  Strings must use singlequote                                                                quotes
  Line 327:8:   Extra semicolon                                                                             semi
  Line 328:10:  Strings must use singlequote                                                                quotes
  Line 329:10:  Strings must use singlequote                                                                quotes
  Line 330:10:  Strings must use singlequote                                                                quotes
  Line 331:10:  Strings must use singlequote                                                                quotes
  Line 336:8:   Extra semicolon                                                                             semi
  Line 337:10:  Strings must use singlequote                                                                quotes
  Line 344:8:   Extra semicolon                                                                             semi
  Line 345:10:  Strings must use singlequote                                                                quotes
  Line 349:13:  Expected newline between test and consequent of ternary expression                          multiline-ternary
  Line 349:32:  Expected newline between consequent and alternate of ternary expression                     multiline-ternary
  Line 353:14:  Missing trailing comma                                                                      comma-dangle
  Line 356:8:   Extra semicolon                                                                             semi
  Line 357:10:  Strings must use singlequote                                                                quotes
  Line 358:37:  Extra semicolon                                                                             semi
  Line 364:16:  Strings must use singlequote                                                                quotes
  Line 369:8:   Extra semicolon                                                                             semi
  Line 371:10:  Strings must use singlequote                                                                quotes
  Line 376:8:   Extra semicolon                                                                             semi
  Line 377:10:  Strings must use singlequote                                                                quotes
  Line 381:70:  Strings must use singlequote                                                                quotes
  Line 384:8:   Extra semicolon                                                                             semi
  Line 385:10:  Strings must use singlequote                                                                quotes
  Line 386:43:  Extra semicolon                                                                             semi
  Line 389:60:  Strings must use singlequote                                                                quotes
  Line 393:16:  Strings must use singlequote                                                                quotes
  Line 398:8:   Extra semicolon                                                                             semi
  Line 400:10:  Strings must use singlequote                                                                quotes
  Line 401:59:  Extra semicolon                                                                             semi
  Line 403:52:  Strings must use singlequote                                                                quotes
  Line 404:48:  Extra semicolon                                                                             semi
  Line 408:30:  Strings must use singlequote                                                                quotes
  Line 408:39:  Strings must use singlequote                                                                quotes
  Line 408:61:  Strings must use singlequote                                                                quotes
  Line 412:16:  Strings must use singlequote                                                                quotes
  Line 417:8:   Extra semicolon                                                                             semi
  Line 419:10:  Strings must use singlequote                                                                quotes
  Line 420:33:  Extra semicolon                                                                             semi
  Line 425:8:   Extra semicolon                                                                             semi
  Line 427:10:  Strings must use singlequote                                                                quotes
  Line 428:33:  Extra semicolon                                                                             semi
  Line 433:8:   Extra semicolon                                                                             semi
  Line 438:7:   Unexpected lexical declaration in case block                                                no-case-declarations
  Line 438:11:  '_a' is never reassigned. Use 'const' instead                                               prefer-const
  Line 438:27:  Extra semicolon                                                                             semi
  Line 439:16:  Extra semicolon                                                                             semi
  Line 441:2:   Extra semicolon                                                                             semi
  Line 443:46:  Strings must use singlequote                                                                quotes
  Line 444:22:  Strings must use singlequote                                                                quotes
  Line 451:12:  Strings must use singlequote                                                                quotes
  Line 454:35:  Strings must use singlequote                                                                quotes
  Line 454:48:  Strings must use singlequote                                                                quotes
  Line 456:13:  Missing "key" prop for element in iterator                                                  react/jsx-key
  Line 462:6:   Extra semicolon                                                                             semi
  Line 504:32:  Extra semicolon                                                                             semi
  Line 507:35:  Strings must use singlequote                                                                quotes
  Line 510:4:   Extra semicolon                                                                             semi
  Line 511:2:   Extra semicolon                                                                             semi
  Line 514:58:  Extra semicolon                                                                             semi
  Line 517:29:  Strings must use singlequote                                                                quotes
  Line 517:38:  Strings must use singlequote                                                                quotes
  Line 523:13:  Strings must use singlequote                                                                quotes
  Line 524:13:  Strings must use singlequote                                                                quotes
  Line 525:13:  Strings must use singlequote                                                                quotes
  Line 526:13:  Strings must use singlequote                                                                quotes
  Line 528:15:  Strings must use singlequote                                                                quotes
  Line 529:15:  Strings must use singlequote                                                                quotes
  Line 530:37:  Strings must use singlequote                                                                quotes
  Line 532:15:  Strings must use singlequote                                                                quotes
  Line 532:49:  Strings must use singlequote                                                                quotes
  Line 533:14:  Missing trailing comma                                                                      comma-dangle
  Line 535:10:  Extra semicolon                                                                             semi
  Line 537:7:   Do not pass children as props. Instead, nest children between the opening and closing tags  react/no-children-prop
  Line 539:19:  Strings must use singlequote                                                                quotes
  Line 540:20:  Component definition is missing display name                                                react/display-name
  Line 543:17:  Strings must use singlequote                                                                quotes
  Line 550:17:  Strings must use singlequote                                                                quotes
  Line 551:38:  Strings must use singlequote                                                                quotes
  Line 551:44:  Strings must use singlequote                                                                quotes
  Line 551:52:  Strings must use singlequote                                                                quotes
  Line 556:19:  Strings must use singlequote                                                                quotes
  Line 560:19:  Strings must use singlequote                                                                quotes
  Line 561:20:  Component definition is missing display name                                                react/display-name
  Line 563:51:  Strings must use singlequote                                                                quotes
  Line 569:19:  Strings must use singlequote                                                                quotes
  Line 573:66:  Strings must use singlequote                                                                quotes
  Line 574:21:  Strings must use singlequote                                                                quotes
  Line 577:19:  Strings must use singlequote                                                                quotes
  Line 581:19:  Strings must use singlequote                                                                quotes
  Line 586:19:  Strings must use singlequote                                                                quotes
  Line 590:19:  Strings must use singlequote                                                                quotes
  Line 591:20:  Component definition is missing display name                                                react/display-name
  Line 605:4:   Extra semicolon                                                                             semi
  Line 606:2:   Extra semicolon                                                                             semi
  Line 609:56:  Extra semicolon                                                                             semi
  Line 625:37:  Strings must use singlequote                                                                quotes
  Line 625:45:  Strings must use singlequote                                                                quotes
  Line 626:45:  Strings must use singlequote                                                                quotes
  Line 639:4:   Extra semicolon                                                                             semi
  Line 640:2:   Extra semicolon                                                                             semi
  Line 647:11:  Missing "key" prop for element in iterator                                                  react/jsx-key
  Line 653:4:   Extra semicolon                                                                             semi
  Line 654:2:   Extra semicolon                                                                             semi
  Line 662:3:   Extra semicolon                                                                             semi
  Line 664:13:  Missing space before function parentheses                                                   space-before-function-paren
  Line 665:60:  Extra semicolon                                                                             semi
  Line 666:75:  Extra semicolon                                                                             semi
  Line 667:79:  Extra semicolon                                                                             semi
  Line 670:44:  Extra semicolon                                                                             semi
  Line 672:22:  Extra semicolon                                                                             semi
  Line 673:7:   Extra semicolon                                                                             semi
  Line 677:37:  Extra semicolon                                                                             semi
  Line 694:4:   Extra semicolon                                                                             semi
  Line 697:19:  Extra semicolon                                                                             semi

src/Components.tsx
  Line 1:13:    'React' was used before it was defined      no-use-before-define
  Line 1:24:    Strings must use singlequote                quotes
  Line 1:31:    Extra semicolon                             semi
  Line 2:41:    Strings must use singlequote                quotes
  Line 2:67:    Extra semicolon                             semi
  Line 3:24:    Strings must use singlequote                quotes
  Line 3:36:    Extra semicolon                             semi
  Line 7:12:    Strings must use singlequote                quotes
  Line 7:21:    Strings must use singlequote                quotes
  Line 7:33:    Strings must use singlequote                quotes
  Line 8:44:    Strings must use singlequote                quotes
  Line 18:16:   Strings must use singlequote                quotes
  Line 23:47:   Extra semicolon                             semi
  Line 24:25:   Extra semicolon                             semi
  Line 27:11:   Strings must use singlequote                quotes
  Line 28:14:   Strings must use singlequote                quotes
  Line 29:12:   Strings must use singlequote                quotes
  Line 30:4:    Extra semicolon                             semi
  Line 32:11:   Strings must use singlequote                quotes
  Line 33:14:   Strings must use singlequote                quotes
  Line 34:12:   Strings must use singlequote                quotes
  Line 35:4:    Extra semicolon                             semi
  Line 37:11:   Strings must use singlequote                quotes
  Line 38:14:   Strings must use singlequote                quotes
  Line 39:12:   Strings must use singlequote                quotes
  Line 40:4:    Extra semicolon                             semi
  Line 80:4:    Extra semicolon                             semi
  Line 81:2:    Extra semicolon                             semi
  Line 89:4:    Extra semicolon                             semi
  Line 90:2:    Extra semicolon                             semi
  Line 96:4:    Extra semicolon                             semi
  Line 97:2:    Extra semicolon                             semi
  Line 107:4:   Extra semicolon                             semi
  Line 108:2:   Extra semicolon                             semi
  Line 110:70:  Extra semicolon                             semi
  Line 111:2:   Extra semicolon                             semi
  Line 117:4:   Extra semicolon                             semi
  Line 118:2:   Extra semicolon                             semi
  Line 124:49:  Strings must use singlequote                quotes
  Line 134:4:   Extra semicolon                             semi
  Line 135:2:   Extra semicolon                             semi
  Line 144:2:   Extra semicolon                             semi
  Line 155:39:  Extra semicolon                             semi
  Line 156:2:   Extra semicolon                             semi
  Line 170:65:  Strings must use singlequote                quotes
  Line 177:3:   Strings must use singlequote                quotes
  Line 187:9:   Strings must use singlequote                quotes
  Line 188:9:   Strings must use singlequote                quotes
  Line 189:9:   Strings must use singlequote                quotes
  Line 190:9:   Strings must use singlequote                quotes
  Line 190:25:  Missing trailing comma                      comma-dangle
  Line 192:6:   Extra semicolon                             semi
  Line 197:26:  Extra semicolon                             semi
  Line 200:67:  Extra semicolon                             semi
  Line 203:34:  Strings must use singlequote                quotes
  Line 203:43:  Strings must use singlequote                quotes
  Line 204:36:  Strings must use singlequote                quotes
  Line 206:11:  Missing "key" prop for element in iterator  react/jsx-key
  Line 209:36:  Strings must use singlequote                quotes
  Line 211:11:  Missing "key" prop for element in iterator  react/jsx-key
  Line 213:15:  Missing "key" prop for element in iterator  react/jsx-key
  Line 219:4:   Extra semicolon                             semi
  Line 220:2:   Extra semicolon                             semi
  Line 225:2:   Extra semicolon                             semi

src/index.tsx
  Line 1:8:    'React' was used before it was defined  no-use-before-define
  Line 1:19:   Strings must use singlequote            quotes
  Line 1:26:   Extra semicolon                         semi
  Line 2:22:   Strings must use singlequote            quotes
  Line 2:33:   Extra semicolon                         semi
  Line 3:8:    Strings must use singlequote            quotes
  Line 3:21:   Extra semicolon                         semi
  Line 4:17:   Strings must use singlequote            quotes
  Line 4:24:   Extra semicolon                         semi
  Line 5:29:   Strings must use singlequote            quotes
  Line 5:48:   Extra semicolon                         semi
  Line 11:27:  Strings must use singlequote            quotes
  Line 11:34:  Missing trailing comma                  comma-dangle
  Line 12:2:   Extra semicolon                         semi
  Line 17:18:  Extra semicolon                         semi

src/parseGame.ts
  Line 1:22:    Strings must use singlequote                quotes
  Line 1:38:    Extra semicolon                             semi
  Line 2:47:    Strings must use singlequote                quotes
  Line 2:60:    Extra semicolon                             semi
  Line 3:27:    Strings must use singlequote                quotes
  Line 3:40:    Extra semicolon                             semi
  Line 5:17:    Missing space before function parentheses   space-before-function-paren
  Line 6:28:    Extra semicolon                             semi
  Line 9:29:    'Game' was used before it was defined       no-use-before-define
  Line 12:3:    'home' is defined but never used            no-unused-vars
  Line 12:10:   Strings must use singlequote                quotes
  Line 13:3:    'away' is defined but never used            no-unused-vars
  Line 13:10:   Strings must use singlequote                quotes
  Line 18:9:    Strings must use singlequote                quotes
  Line 18:15:   Strings must use singlequote                quotes
  Line 33:19:   'GameState' was used before it was defined  no-use-before-define
  Line 52:10:   'GameState' was used before it was defined  no-use-before-define
  Line 76:33:   Missing space before function parentheses   space-before-function-paren
  Line 85:75:   Strings must use singlequote                quotes
  Line 88:4:    Extra semicolon                             semi
  Line 91:28:   Missing space before function parentheses   space-before-function-paren
  Line 94:19:   Missing trailing comma                      comma-dangle
  Line 96:60:   Extra semicolon                             semi
  Line 103:4:   Extra semicolon                             semi
  Line 106:51:  Extra semicolon                             semi
  Line 107:4:   Extra semicolon                             semi
  Line 109:54:  Strings must use singlequote                quotes
  Line 109:63:  Strings must use singlequote                quotes
  Line 109:79:  Extra semicolon                             semi
  Line 110:4:   Extra semicolon                             semi
  Line 113:10:  Strings must use singlequote                quotes
  Line 114:10:  Strings must use singlequote                quotes
  Line 115:25:  Extra semicolon                             semi
  Line 116:12:  Extra semicolon                             semi
  Line 117:10:  Strings must use singlequote                quotes
  Line 118:25:  Extra semicolon                             semi
  Line 120:14:  Strings must use singlequote                quotes
  Line 120:33:  Strings must use singlequote                quotes
  Line 121:29:  Extra semicolon                             semi
  Line 125:37:  Extra semicolon                             semi
  Line 127:26:  Strings must use singlequote                quotes
  Line 128:59:  Strings must use singlequote                quotes
  Line 130:29:  Extra semicolon                             semi
  Line 133:12:  Extra semicolon                             semi
  Line 134:10:  Strings must use singlequote                quotes
  Line 135:10:  Strings must use singlequote                quotes
  Line 137:9:   Expected { after 'if' condition             curly
  Line 137:14:  Strings must use singlequote                quotes
  Line 137:33:  Strings must use singlequote                quotes
  Line 138:29:  Extra semicolon                             semi
  Line 140:12:  Extra semicolon                             semi
  Line 141:10:  Strings must use singlequote                quotes
  Line 142:53:  Extra semicolon                             semi
  Line 143:53:  Strings must use singlequote                quotes
  Line 144:55:  Extra semicolon                             semi
  Line 145:39:  Extra semicolon                             semi
  Line 147:27:  Extra semicolon                             semi
  Line 149:12:  Extra semicolon                             semi
  Line 151:10:  Strings must use singlequote                quotes
  Line 152:25:  Extra semicolon                             semi
  Line 153:12:  Extra semicolon                             semi
  Line 156:68:  Extra semicolon                             semi
  Line 159:35:  Extra semicolon                             semi
  Line 160:37:  Extra semicolon                             semi
  Line 162:51:  Extra semicolon                             semi
  Line 164:23:  Strings must use singlequote                quotes
  Line 164:70:  Extra semicolon                             semi
  Line 165:35:  Extra semicolon                             semi
  Line 167:26:  Strings must use singlequote                quotes
  Line 169:22:  Strings must use singlequote                quotes
  Line 170:53:  Strings must use singlequote                quotes
  Line 172:17:  Extra semicolon                             semi
  Line 174:51:  Extra semicolon                             semi
  Line 175:43:  Extra semicolon                             semi
  Line 177:33:  Strings must use singlequote                quotes
  Line 178:62:  Extra semicolon                             semi
  Line 179:25:  Extra semicolon                             semi
  Line 180:7:   Expected { after 'if' condition             curly
  Line 181:52:  Strings must use singlequote                quotes
  Line 184:27:  Extra semicolon                             semi
  Line 188:8:   Strings must use singlequote                quotes
  Line 188:16:  Strings must use singlequote                quotes
  Line 188:36:  Strings must use singlequote                quotes
  Line 189:39:  Extra semicolon                             semi
  Line 191:26:  Strings must use singlequote                quotes
  Line 192:32:  Extra semicolon                             semi
  Line 193:10:  Strings must use singlequote                quotes
  Line 193:22:  Strings must use singlequote                quotes
  Line 194:15:  Extra semicolon                             semi
  Line 195:29:  Strings must use singlequote                quotes
  Line 196:41:  Extra semicolon                             semi
  Line 197:29:  Strings must use singlequote                quotes
  Line 198:41:  Extra semicolon                             semi
  Line 199:29:  Strings must use singlequote                quotes
  Line 200:41:  Extra semicolon                             semi
  Line 206:27:  Extra semicolon                             semi
  Line 208:55:  Extra semicolon                             semi
  Line 209:46:  Extra semicolon                             semi
  Line 211:22:  Extra semicolon                             semi
  Line 213:24:  Strings must use singlequote                quotes
  Line 213:72:  Missing trailing comma                      comma-dangle
  Line 214:7:   Extra semicolon                             semi
  Line 217:18:  Extra semicolon                             semi
  Line 220:30:  Missing space before function parentheses   space-before-function-paren
  Line 223:5:   Strings must use singlequote                quotes
  Line 224:15:  Strings must use singlequote                quotes
  Line 224:22:  Missing trailing comma                      comma-dangle
  Line 225:4:   Extra semicolon                             semi
  Line 226:37:  Extra semicolon                             semi
  Line 228:35:  Extra semicolon                             semi
  Line 230:49:  Extra semicolon                             semi
  Line 232:17:  Strings must use singlequote                quotes
  Line 232:20:  Extra semicolon                             semi
  Line 233:23:  Strings must use singlequote                quotes
  Line 233:25:  Extra semicolon                             semi
  Line 236:26:  Extra semicolon                             semi
  Line 237:21:  Strings must use singlequote                quotes
  Line 248:8:   Extra semicolon                             semi
  Line 249:35:  Extra semicolon                             semi
  Line 251:46:  Extra semicolon                             semi
  Line 253:34:  Extra semicolon                             semi
  Line 254:29:  Extra semicolon                             semi
  Line 256:17:  Strings must use singlequote                quotes
  Line 256:33:  Strings must use singlequote                quotes
  Line 257:47:  Extra semicolon                             semi
  Line 258:24:  Strings must use singlequote                quotes
  Line 259:29:  Extra semicolon                             semi
  Line 261:40:  Extra semicolon                             semi
  Line 262:24:  Strings must use singlequote                quotes
  Line 262:43:  Strings must use singlequote                quotes
  Line 263:37:  Extra semicolon                             semi
  Line 264:33:  Extra semicolon                             semi
  Line 265:41:  Extra semicolon                             semi
  Line 266:33:  Extra semicolon                             semi
  Line 267:32:  Extra semicolon                             semi
  Line 274:8:   Extra semicolon                             semi
  Line 275:19:  Strings must use singlequote                quotes
  Line 276:39:  Extra semicolon                             semi
  Line 277:26:  Strings must use singlequote                quotes
  Line 279:69:  Missing trailing comma                      comma-dangle
  Line 280:10:  Extra semicolon                             semi
  Line 281:9:   Expected { after 'if' condition             curly
  Line 283:83:  Missing trailing comma                      comma-dangle
  Line 284:12:  Extra semicolon                             semi
  Line 285:45:  Extra semicolon                             semi
  Line 286:58:  Extra semicolon                             semi
  Line 288:24:  Strings must use singlequote                quotes
  Line 289:80:  Extra semicolon                             semi
  Line 290:34:  Extra semicolon                             semi
  Line 291:47:  Extra semicolon                             semi
  Line 292:37:  Extra semicolon                             semi
  Line 293:55:  Strings must use singlequote                quotes
  Line 293:63:  Extra semicolon                             semi
  Line 294:36:  Extra semicolon                             semi
  Line 295:33:  Extra semicolon                             semi
  Line 297:41:  Extra semicolon                             semi
  Line 309:9:   Extra semicolon                             semi
  Line 311:23:  Strings must use singlequote                quotes
  Line 312:55:  Extra semicolon                             semi
  Line 314:19:  Strings must use singlequote                quotes
  Line 314:22:  Extra semicolon                             semi
  Line 315:25:  Strings must use singlequote                quotes
  Line 315:28:  Extra semicolon                             semi
  Line 318:7:   Expected { after 'if' condition             curly
  Line 318:31:  Strings must use singlequote                quotes
  Line 322:19:  Missing trailing comma                      comma-dangle
  Line 323:10:  Extra semicolon                             semi
  Line 324:24:  Strings must use singlequote                quotes
  Line 324:31:  Empty block statement                       no-empty
  Line 325:24:  Strings must use singlequote                quotes
  Line 327:48:  Extra semicolon                             semi
  Line 329:46:  Extra semicolon                             semi
  Line 333:11:  Extra semicolon                             semi
  Line 335:24:  Strings must use singlequote                quotes
  Line 335:32:  Empty block statement                       no-empty
  Line 336:24:  Strings must use singlequote                quotes
  Line 336:33:  Empty block statement                       no-empty
  Line 337:24:  Strings must use singlequote                quotes
  Line 337:32:  Empty block statement                       no-empty
  Line 338:24:  Strings must use singlequote                quotes
  Line 338:32:  Empty block statement                       no-empty
  Line 339:24:  Strings must use singlequote                quotes
  Line 339:32:  Empty block statement                       no-empty
  Line 340:24:  Strings must use singlequote                quotes
  Line 340:32:  Empty block statement                       no-empty
  Line 341:24:  Strings must use singlequote                quotes
  Line 341:32:  Empty block statement                       no-empty
  Line 342:24:  Strings must use singlequote                quotes
  Line 343:34:  Extra semicolon                             semi
  Line 354:48:  Missing trailing comma                      comma-dangle
  Line 355:6:   Extra semicolon                             semi
  Line 358:22:  Extra semicolon                             semi

src/parsePlay.ts
  Line 1:27:    Strings must use singlequote               quotes
  Line 1:40:    Extra semicolon                            semi
  Line 2:22:    Strings must use singlequote               quotes
  Line 2:38:    Extra semicolon                            semi
  Line 7:10:    Strings must use singlequote               quotes
  Line 8:9:     Strings must use singlequote               quotes
  Line 8:19:    Extra semicolon                            semi
  Line 9:49:    Strings must use singlequote               quotes
  Line 13:44:   Strings must use singlequote               quotes
  Line 16:13:   Strings must use singlequote               quotes
  Line 17:18:   Strings must use singlequote               quotes
  Line 17:26:   Strings must use singlequote               quotes
  Line 18:13:   Strings must use singlequote               quotes
  Line 19:24:   Missing trailing comma                     comma-dangle
  Line 21:9:    Strings must use singlequote               quotes
  Line 21:17:   Extra semicolon                            semi
  Line 25:14:   Strings must use singlequote               quotes
  Line 25:31:   Strings must use singlequote               quotes
  Line 25:39:   Strings must use singlequote               quotes
  Line 26:14:   Strings must use singlequote               quotes
  Line 26:31:   Strings must use singlequote               quotes
  Line 26:39:   Strings must use singlequote               quotes
  Line 27:14:   Strings must use singlequote               quotes
  Line 27:31:   Strings must use singlequote               quotes
  Line 27:39:   Strings must use singlequote               quotes
  Line 29:13:   Strings must use singlequote               quotes
  Line 30:20:   Strings must use singlequote               quotes
  Line 30:30:   Strings must use singlequote               quotes
  Line 36:22:   Strings must use singlequote               quotes
  Line 36:34:   Strings must use singlequote               quotes
  Line 37:22:   Strings must use singlequote               quotes
  Line 37:33:   Strings must use singlequote               quotes
  Line 38:22:   Strings must use singlequote               quotes
  Line 38:34:   Strings must use singlequote               quotes
  Line 39:22:   Strings must use singlequote               quotes
  Line 39:40:   Strings must use singlequote               quotes
  Line 39:55:   Strings must use singlequote               quotes
  Line 39:73:   Missing trailing comma                     comma-dangle
  Line 41:26:   Strings must use singlequote               quotes
  Line 41:41:   Strings must use singlequote               quotes
  Line 42:21:   Missing trailing comma                     comma-dangle
  Line 44:14:   Strings must use singlequote               quotes
  Line 44:31:   Strings must use singlequote               quotes
  Line 44:41:   Strings must use singlequote               quotes
  Line 44:49:   Missing trailing comma                     comma-dangle
  Line 46:10:   Strings must use singlequote               quotes
  Line 47:9:    Strings must use singlequote               quotes
  Line 47:16:   Extra semicolon                            semi
  Line 48:43:   Strings must use singlequote               quotes
  Line 50:42:   Strings must use singlequote               quotes
  Line 50:60:   Strings must use singlequote               quotes
  Line 50:71:   Extra semicolon                            semi
  Line 51:51:   Strings must use singlequote               quotes
  Line 54:27:   Strings must use singlequote               quotes
  Line 54:42:   Strings must use singlequote               quotes
  Line 55:9:    Strings must use singlequote               quotes
  Line 55:15:   Extra semicolon                            semi
  Line 58:14:   Strings must use singlequote               quotes
  Line 58:39:   Strings must use singlequote               quotes
  Line 59:14:   Strings must use singlequote               quotes
  Line 59:39:   Strings must use singlequote               quotes
  Line 60:14:   Strings must use singlequote               quotes
  Line 60:39:   Strings must use singlequote               quotes
  Line 62:13:   Strings must use singlequote               quotes
  Line 63:20:   Strings must use singlequote               quotes
  Line 65:13:   Strings must use singlequote               quotes
  Line 66:14:   Strings must use singlequote               quotes
  Line 66:32:   Strings must use singlequote               quotes
  Line 66:43:   Strings must use singlequote               quotes
  Line 67:14:   Strings must use singlequote               quotes
  Line 67:26:   Strings must use singlequote               quotes
  Line 67:47:   Missing trailing comma                     comma-dangle
  Line 69:9:    Strings must use singlequote               quotes
  Line 69:15:   Extra semicolon                            semi
  Line 70:41:   Strings must use singlequote               quotes
  Line 72:22:   Strings must use singlequote               quotes
  Line 72:33:   Strings must use singlequote               quotes
  Line 72:48:   Extra semicolon                            semi
  Line 73:21:   Strings must use singlequote               quotes
  Line 73:32:   Strings must use singlequote               quotes
  Line 73:42:   Extra semicolon                            semi
  Line 75:29:   Strings must use singlequote               quotes
  Line 75:51:   Strings must use singlequote               quotes
  Line 75:65:   Extra semicolon                            semi
  Line 76:47:   Strings must use singlequote               quotes
  Line 76:61:   Strings must use singlequote               quotes
  Line 76:76:   Extra semicolon                            semi
  Line 79:12:   Strings must use singlequote               quotes
  Line 79:23:   Strings must use singlequote               quotes
  Line 81:11:   Strings must use singlequote               quotes
  Line 82:48:   Strings must use singlequote               quotes
  Line 82:63:   Strings must use singlequote               quotes
  Line 83:11:   Strings must use singlequote               quotes
  Line 86:16:   Strings must use singlequote               quotes
  Line 87:40:   Strings must use singlequote               quotes
  Line 87:55:   Strings must use singlequote               quotes
  Line 87:60:   Missing trailing comma                     comma-dangle
  Line 89:11:   Strings must use singlequote               quotes
  Line 92:12:   Strings must use singlequote               quotes
  Line 92:23:   Strings must use singlequote               quotes
  Line 93:12:   Strings must use singlequote               quotes
  Line 93:23:   Strings must use singlequote               quotes
  Line 94:12:   Strings must use singlequote               quotes
  Line 94:23:   Strings must use singlequote               quotes
  Line 94:36:   Missing trailing comma                     comma-dangle
  Line 95:2:    Extra semicolon                            semi
  Line 97:43:   Strings must use singlequote               quotes
  Line 97:74:   Extra semicolon                            semi
  Line 100:9:   Strings must use singlequote               quotes
  Line 102:9:   Strings must use singlequote               quotes
  Line 102:21:  Extra semicolon                            semi
  Line 106:9:   Strings must use singlequote               quotes
  Line 106:28:  Extra semicolon                            semi
  Line 107:23:  Strings must use singlequote               quotes
  Line 107:64:  Strings must use singlequote               quotes
  Line 107:71:  Extra semicolon                            semi
  Line 110:9:   Strings must use singlequote               quotes
  Line 112:9:   Strings must use singlequote               quotes
  Line 112:27:  Extra semicolon                            semi
  Line 115:9:   Strings must use singlequote               quotes
  Line 116:18:  Strings must use singlequote               quotes
  Line 116:42:  Strings must use singlequote               quotes
  Line 116:58:  Extra semicolon                            semi
  Line 119:37:  Strings must use singlequote               quotes
  Line 119:52:  Strings must use singlequote               quotes
  Line 120:9:   Strings must use singlequote               quotes
  Line 120:23:  Extra semicolon                            semi
  Line 123:9:   Strings must use singlequote               quotes
  Line 125:9:   Strings must use singlequote               quotes
  Line 125:34:  Extra semicolon                            semi
  Line 141:17:  Missing trailing comma                     comma-dangle
  Line 143:9:   Strings must use singlequote               quotes
  Line 143:22:  Extra semicolon                            semi
  Line 144:53:  Strings must use singlequote               quotes
  Line 149:20:  Strings must use singlequote               quotes
  Line 149:30:  Strings must use singlequote               quotes
  Line 153:13:  Strings must use singlequote               quotes
  Line 155:20:  Redundant double negation                  no-extra-boolean-cast
  Line 157:13:  Strings must use singlequote               quotes
  Line 158:18:  Strings must use singlequote               quotes
  Line 159:20:  Strings must use singlequote               quotes
  Line 159:35:  Strings must use singlequote               quotes
  Line 162:13:  Strings must use singlequote               quotes
  Line 163:18:  Strings must use singlequote               quotes
  Line 164:20:  Strings must use singlequote               quotes
  Line 164:35:  Strings must use singlequote               quotes
  Line 167:13:  Strings must use singlequote               quotes
  Line 168:18:  Strings must use singlequote               quotes
  Line 170:14:  Strings must use singlequote               quotes
  Line 170:31:  Strings must use singlequote               quotes
  Line 170:53:  Missing trailing comma                     comma-dangle
  Line 174:41:  Strings must use singlequote               quotes
  Line 179:50:  Strings must use singlequote               quotes
  Line 179:64:  Strings must use singlequote               quotes
  Line 181:15:  Strings must use singlequote               quotes
  Line 182:6:   Extra semicolon                            semi
  Line 184:9:   Strings must use singlequote               quotes
  Line 184:24:  Extra semicolon                            semi
  Line 188:14:  Strings must use singlequote               quotes
  Line 188:25:  Strings must use singlequote               quotes
  Line 189:14:  Strings must use singlequote               quotes
  Line 189:27:  Strings must use singlequote               quotes
  Line 190:14:  Strings must use singlequote               quotes
  Line 190:25:  Strings must use singlequote               quotes
  Line 191:14:  Strings must use singlequote               quotes
  Line 191:27:  Strings must use singlequote               quotes
  Line 192:14:  Strings must use singlequote               quotes
  Line 192:25:  Strings must use singlequote               quotes
  Line 193:14:  Strings must use singlequote               quotes
  Line 193:27:  Strings must use singlequote               quotes
  Line 194:14:  Strings must use singlequote               quotes
  Line 194:27:  Strings must use singlequote               quotes
  Line 195:14:  Strings must use singlequote               quotes
  Line 195:25:  Strings must use singlequote               quotes
  Line 196:14:  Strings must use singlequote               quotes
  Line 196:25:  Strings must use singlequote               quotes
  Line 197:14:  Strings must use singlequote               quotes
  Line 197:27:  Strings must use singlequote               quotes
  Line 198:14:  Strings must use singlequote               quotes
  Line 198:27:  Strings must use singlequote               quotes
  Line 199:14:  Strings must use singlequote               quotes
  Line 199:27:  Strings must use singlequote               quotes
  Line 200:14:  Strings must use singlequote               quotes
  Line 200:24:  Strings must use singlequote               quotes
  Line 201:14:  Strings must use singlequote               quotes
  Line 201:25:  Strings must use singlequote               quotes
  Line 202:14:  Strings must use singlequote               quotes
  Line 202:38:  Strings must use singlequote               quotes
  Line 203:14:  Strings must use singlequote               quotes
  Line 203:26:  Strings must use singlequote               quotes
  Line 204:14:  Strings must use singlequote               quotes
  Line 204:27:  Strings must use singlequote               quotes
  Line 205:14:  Strings must use singlequote               quotes
  Line 205:25:  Strings must use singlequote               quotes
  Line 206:14:  Strings must use singlequote               quotes
  Line 206:25:  Strings must use singlequote               quotes
  Line 207:14:  Strings must use singlequote               quotes
  Line 207:24:  Strings must use singlequote               quotes
  Line 208:14:  Strings must use singlequote               quotes
  Line 208:26:  Strings must use singlequote               quotes
  Line 209:14:  Strings must use singlequote               quotes
  Line 209:26:  Strings must use singlequote               quotes
  Line 210:14:  Strings must use singlequote               quotes
  Line 210:24:  Strings must use singlequote               quotes
  Line 211:14:  Strings must use singlequote               quotes
  Line 211:25:  Strings must use singlequote               quotes
  Line 212:14:  Strings must use singlequote               quotes
  Line 212:26:  Strings must use singlequote               quotes
  Line 213:14:  Strings must use singlequote               quotes
  Line 213:27:  Strings must use singlequote               quotes
  Line 214:14:  Strings must use singlequote               quotes
  Line 214:26:  Strings must use singlequote               quotes
  Line 215:14:  Strings must use singlequote               quotes
  Line 215:26:  Strings must use singlequote               quotes
  Line 216:14:  Strings must use singlequote               quotes
  Line 216:24:  Strings must use singlequote               quotes
  Line 217:14:  Strings must use singlequote               quotes
  Line 217:27:  Strings must use singlequote               quotes
  Line 218:14:  Strings must use singlequote               quotes
  Line 218:26:  Strings must use singlequote               quotes
  Line 219:14:  Strings must use singlequote               quotes
  Line 219:26:  Strings must use singlequote               quotes
  Line 220:14:  Strings must use singlequote               quotes
  Line 220:27:  Strings must use singlequote               quotes
  Line 221:14:  Strings must use singlequote               quotes
  Line 221:24:  Strings must use singlequote               quotes
  Line 222:14:  Strings must use singlequote               quotes
  Line 222:27:  Strings must use singlequote               quotes
  Line 224:13:  Strings must use singlequote               quotes
  Line 226:13:  Strings must use singlequote               quotes
  Line 227:14:  Strings must use singlequote               quotes
  Line 227:25:  Strings must use singlequote               quotes
  Line 228:14:  Strings must use singlequote               quotes
  Line 228:25:  Strings must use singlequote               quotes
  Line 229:14:  Strings must use singlequote               quotes
  Line 229:36:  Strings must use singlequote               quotes
  Line 230:14:  Strings must use singlequote               quotes
  Line 230:25:  Strings must use singlequote               quotes
  Line 231:14:  Strings must use singlequote               quotes
  Line 231:25:  Strings must use singlequote               quotes
  Line 232:14:  Strings must use singlequote               quotes
  Line 232:27:  Strings must use singlequote               quotes
  Line 233:14:  Strings must use singlequote               quotes
  Line 233:27:  Strings must use singlequote               quotes
  Line 233:64:  Missing trailing comma                     comma-dangle
  Line 236:9:   Strings must use singlequote               quotes
  Line 236:20:  Extra semicolon                            semi
  Line 238:9:   Strings must use singlequote               quotes
  Line 239:33:  Strings must use singlequote               quotes
  Line 240:41:  Strings must use singlequote               quotes
  Line 240:61:  Extra semicolon                            semi
  Line 246:28:  Strings must use singlequote               quotes
  Line 248:29:  Strings must use singlequote               quotes
  Line 248:44:  Strings must use singlequote               quotes
  Line 248:66:  Missing trailing comma                     comma-dangle
  Line 250:13:  Strings must use singlequote               quotes
  Line 253:28:  Strings must use singlequote               quotes
  Line 255:42:  Strings must use singlequote               quotes
  Line 255:57:  Strings must use singlequote               quotes
  Line 255:79:  Missing trailing comma                     comma-dangle
  Line 257:13:  Strings must use singlequote               quotes
  Line 257:34:  Missing trailing comma                     comma-dangle
  Line 259:9:   Strings must use singlequote               quotes
  Line 259:23:  Extra semicolon                            semi
  Line 266:13:  Strings must use singlequote               quotes
  Line 267:40:  Strings must use singlequote               quotes
  Line 268:48:  Strings must use singlequote               quotes
  Line 268:68:  Missing trailing comma                     comma-dangle
  Line 270:9:   Strings must use singlequote               quotes
  Line 270:16:  Extra semicolon                            semi
  Line 272:43:  Strings must use singlequote               quotes
  Line 280:44:  Strings must use singlequote               quotes
  Line 280:57:  Strings must use singlequote               quotes
  Line 284:31:  Strings must use singlequote               quotes
  Line 286:26:  Missing space before function parentheses  space-before-function-paren
  Line 287:21:  Missing trailing comma                     comma-dangle
  Line 289:37:  Extra semicolon                            semi
  Line 290:20:  Strings must use singlequote               quotes
  Line 291:42:  Extra semicolon                            semi
  Line 293:13:  Extra semicolon                            semi
  Line 296:30:  Missing space before function parentheses  space-before-function-paren
  Line 297:35:  Extra semicolon                            semi
  Line 300:30:  Missing space before function parentheses  space-before-function-paren
  Line 301:50:  Extra semicolon                            semi
  Line 304:20:  Strings must use singlequote               quotes
  Line 304:54:  Strings must use singlequote               quotes
  Line 307:26:  Strings must use singlequote               quotes
  Line 308:37:  Strings must use singlequote               quotes
  Line 310:43:  Strings must use singlequote               quotes
  Line 310:51:  Missing trailing comma                     comma-dangle
  Line 312:4:   Extra semicolon                            semi

src/positions.ts
  Line 2:3:   Unnecessarily quoted property '1' found   quote-props
  Line 2:3:   Strings must use singlequote              quotes
  Line 2:8:   Strings must use singlequote              quotes
  Line 3:3:   Unnecessarily quoted property '2' found   quote-props
  Line 3:3:   Strings must use singlequote              quotes
  Line 3:8:   Strings must use singlequote              quotes
  Line 4:3:   Unnecessarily quoted property '3' found   quote-props
  Line 4:3:   Strings must use singlequote              quotes
  Line 4:8:   Strings must use singlequote              quotes
  Line 5:3:   Unnecessarily quoted property '4' found   quote-props
  Line 5:3:   Strings must use singlequote              quotes
  Line 5:8:   Strings must use singlequote              quotes
  Line 6:3:   Unnecessarily quoted property '5' found   quote-props
  Line 6:3:   Strings must use singlequote              quotes
  Line 6:8:   Strings must use singlequote              quotes
  Line 7:3:   Unnecessarily quoted property '6' found   quote-props
  Line 7:3:   Strings must use singlequote              quotes
  Line 7:8:   Strings must use singlequote              quotes
  Line 8:3:   Unnecessarily quoted property '7' found   quote-props
  Line 8:3:   Strings must use singlequote              quotes
  Line 8:8:   Strings must use singlequote              quotes
  Line 9:3:   Unnecessarily quoted property '8' found   quote-props
  Line 9:3:   Strings must use singlequote              quotes
  Line 9:8:   Strings must use singlequote              quotes
  Line 10:3:  Unnecessarily quoted property '9' found   quote-props
  Line 10:3:  Strings must use singlequote              quotes
  Line 10:8:  Strings must use singlequote              quotes
  Line 11:3:  Unnecessarily quoted property '10' found  quote-props
  Line 11:3:  Strings must use singlequote              quotes
  Line 11:9:  Strings must use singlequote              quotes
  Line 12:2:  Extra semicolon                           semi

src/reportWebVitals.ts
  Line 1:43:   Extra semicolon  semi
  Line 6:26:   Extra semicolon  semi
  Line 7:26:   Extra semicolon  semi
  Line 8:26:   Extra semicolon  semi
  Line 9:26:   Extra semicolon  semi
  Line 10:27:  Extra semicolon  semi
  Line 11:7:   Extra semicolon  semi
  Line 13:2:   Extra semicolon  semi
  Line 15:31:  Extra semicolon  semi

Search for the keywords to learn more about each error.
